<?xml version="1.0" encoding="UTF-8"?>
<testsuites>
	<testsuite name="000. Подготовка. Первичный запуск системы." errors="0" skipped="0" tests="2" failures="0" time="50.77">
		<testcase name="000.01. Нажатие на кнопку &quot;ЭтоКопияИнформационнойБазы&quot;" classname="000. Подготовка. Первичный запуск системы." time="31.668" StartDate="20240918100249" timestamp="2024-09-18T10:02:49" EndDate="20240918100320"/>
		<testcase name="000.02. Мониторинг портала 1С:ИТС" classname="000. Подготовка. Первичный запуск системы." time="19.102" StartDate="20240918100321" timestamp="2024-09-18T10:03:21" EndDate="20240918100340"/>
	</testsuite>
	<testsuite name="01.000. Тесты по подсистеме 1C:CRM. Подготовка" errors="0" skipped="0" tests="1" failures="0" time="8.753">
		<testcase name="01.000.00. Инициализация." classname="01_1C_CRM.01.000. Тесты по подсистеме 1C:CRM. Подготовка" time="8.753" StartDate="20240918100340" timestamp="2024-09-18T10:03:40" EndDate="20240918100349"/>
	</testsuite>
	<testsuite name="01.001. Проверка функционала Принятие обращения" errors="0" skipped="0" tests="3" failures="0" time="96.659">
		<testcase name="01.001.01. Принятие обращения с видом &quot;Сделка&quot;; Новый интерес" classname="01_1C_CRM.01.001. Проверка функционала Принятие обращения" time="40.984" StartDate="20240918100349" timestamp="2024-09-18T10:03:49" EndDate="20240918100430"/>
		<testcase name="01.001.02. Принятие обращения с видом &quot;Из наличия&quot;; Новый контакт и интерес" classname="01_1C_CRM.01.001. Проверка функционала Принятие обращения" time="30.316" StartDate="20240918100430" timestamp="2024-09-18T10:04:30" EndDate="20240918100500"/>
		<testcase name="01.001.03. Принятие обращения с видом &quot;Запрос-мета&quot;; Новый клиент, контакт и интерес" classname="01_1C_CRM.01.001. Проверка функционала Принятие обращения" time="25.359" StartDate="20240918100501" timestamp="2024-09-18T10:05:01" EndDate="20240918100526"/>
	</testsuite>
	<testsuite name="02.000. Тесты по подсистеме CRM и маркетинг. Подготовка" errors="0" skipped="0" tests="1" failures="0" time="8.542">
		<testcase name="02.000.00. Инициализация." classname="02_CRM и маркетинг.02.000. Тесты по подсистеме CRM и маркетинг. Подготовка" time="8.542" StartDate="20240918100526" timestamp="2024-09-18T10:05:26" EndDate="20240918100535"/>
	</testsuite>
	<testsuite name="02.001. Работа со справочником Виды цен" errors="0" skipped="0" tests="1" failures="0" time="11.738">
		<testcase name="02.001.01. Создание Вида цен &quot;ТестЦена1&quot; - Ручное назначение" classname="02_CRM и маркетинг.02.001. Работа со справочником Виды цен" time="11.738" StartDate="20240918100535" timestamp="2024-09-18T10:05:35" EndDate="20240918100547"/>
	</testsuite>
	<testsuite name="03.000. Тесты по подсистеме Продажи. Подготовка" errors="0" skipped="0" tests="3" failures="0" time="57.25">
		<testcase name="03.000.00. Инициализация." classname="03_Продажи.03.000. Тесты по подсистеме Продажи. Подготовка" time="8.942" StartDate="20240918100547" timestamp="2024-09-18T10:05:47" EndDate="20240918100556"/>
		<testcase name="03.000.01. Создание интереса клиента &quot;НИЖЕГОРОДСКИЙ ЭТЗ ООО (Аистова)&quot; менеджером Аистова Оксана" classname="03_Продажи.03.000. Тесты по подсистеме Продажи. Подготовка" time="25.991" StartDate="20240918100556" timestamp="2024-09-18T10:05:56" EndDate="20240918100622"/>
		<testcase name="03.000.02. Удаление ранее созданных заявок на командировку" classname="03_Продажи.03.000. Тесты по подсистеме Продажи. Подготовка" time="22.317" StartDate="20240918100622" timestamp="2024-09-18T10:06:22" EndDate="20240918100645"/>
	</testsuite>
	<testsuite name="03.001. Проверка функциональности Заявка на командировку" errors="0" skipped="0" tests="4" failures="0" time="52.033">
		<testcase name="03.001.01. Создание заявки на командировку (toledo_ЗаявкаНаКомандировку)" classname="03_Продажи.03.001. Проверка функциональности Заявка на командировку" time="15.7" StartDate="20240918100645" timestamp="2024-09-18T10:06:45" EndDate="20240918100700"/>
		<testcase name="03.001.02. Создание заявки на командировку на основании заявки на командировку (toledo_ЗаявкаНаКомандировку)" classname="03_Продажи.03.001. Проверка функциональности Заявка на командировку" time="10.027" StartDate="20240918100701" timestamp="2024-09-18T10:07:01" EndDate="20240918100711"/>
		<testcase name="03.001.03. Проверка на уникальность при создании заявки на командировку (toledo_ЗаявкаНаКомандировку)" classname="03_Продажи.03.001. Проверка функциональности Заявка на командировку" time="12.165" StartDate="20240918100711" timestamp="2024-09-18T10:07:11" EndDate="20240918100723"/>
		<testcase name="03.001.04. Проверка доступа в документ у подотчетника, автора и руководителя (toledo_ЗаявкаНаКомандировку)" classname="03_Продажи.03.001. Проверка функциональности Заявка на командировку" time="14.141" StartDate="20240918100723" timestamp="2024-09-18T10:07:23" EndDate="20240918100737"/>
	</testsuite>
	<testsuite name="03.002. Проверка создания документа Заказ клиента с разными параметрами" errors="0" skipped="0" tests="6" failures="0" time="115.134">
		<testcase name="03.002.01. Создание Заказа клиента на основании Интереса (ЗаказКлиента)" classname="03_Продажи.03.002. Проверка создания документа Заказ клиента с разными параметрами" time="23.102" StartDate="20240918100737" timestamp="2024-09-18T10:07:37" EndDate="20240918100801"/>
		<testcase name="03.002.02. Форма документа - Проверка команды на проверку минимально разрешенной цены поставщика" classname="03_Продажи.03.002. Проверка создания документа Заказ клиента с разными параметрами" time="21.111" StartDate="20240918100801" timestamp="2024-09-18T10:08:01" EndDate="20240918100822"/>
		<testcase name="03.002.03. Форма документа - Проверка команды увеличить до МРЦ" classname="03_Продажи.03.002. Проверка создания документа Заказ клиента с разными параметрами" time="20.586" StartDate="20240918100822" timestamp="2024-09-18T10:08:22" EndDate="20240918100843"/>
		<testcase name="03.002.04. Форма документа - Проверка команды на отмену строк" classname="03_Продажи.03.002. Проверка создания документа Заказ клиента с разными параметрами" time="23.501" StartDate="20240918100843" timestamp="2024-09-18T10:08:43" EndDate="20240918100906"/>
		<testcase name="03.002.05. Форма документа - Проверка команды подбора товаров" classname="03_Продажи.03.002. Проверка создания документа Заказ клиента с разными параметрами" time="8.948" StartDate="20240918100907" timestamp="2024-09-18T10:09:07" EndDate="20240918100916"/>
		<testcase name="03.002.06. Заказ клиента - Пакеты документов - Неисполненная заявка" classname="03_Продажи.03.002. Проверка создания документа Заказ клиента с разными параметрами" time="17.886" StartDate="20240918100916" timestamp="2024-09-18T10:09:16" EndDate="20240918100934"/>
	</testsuite>
	<testsuite name="03.003. Проверка функциональности Заявка на регистрацию скидки" errors="0" skipped="0" tests="1" failures="0" time="12.875">
		<testcase name="03.002.01. Создание заявки на регистрацию скидки" classname="03_Продажи.03.003. Проверка функциональности Заявка на регистрацию скидки" time="12.875" StartDate="20240918100934" timestamp="2024-09-18T10:09:34" EndDate="20240918100947"/>
	</testsuite>
	<testsuite name="03.004. Проверка создания документа Реализации товаров и услуг с разными параметрами" errors="0" skipped="0" tests="1" failures="0" time="16.675">
		<testcase name="03.004.01. Создание Реализации товаров и услуг на основании заказа" classname="03_Продажи.03.004. Проверка создания документа Реализации товаров и услуг с разными параметрами" time="16.675" StartDate="20240918100947" timestamp="2024-09-18T10:09:47" EndDate="20240918101004"/>
	</testsuite>
	<testsuite name="03.101. Запись документов под Менеджер по продажам" errors="0" skipped="0" tests="6" failures="1" time="337.012">
		<testcase name="03.101.001. Запись элемента документа &quot;Заказ клиента&quot; Группа доступности складов НЕ СПб (ЗаказКлиента)" classname="03_Продажи.03.101. Запись документов под Менеджер по продажам" time="137.828" StartDate="20240918101004" timestamp="2024-09-18T10:10:04" EndDate="20240918101222"/>
		<testcase name="03.101.002. Запись элемента документа &quot;Заказ клиента&quot; Группа доступности складов СПб (ЗаказКлиента)" classname="03_Продажи.03.101. Запись документов под Менеджер по продажам" time="9.685" StartDate="20240918101222" timestamp="2024-09-18T10:12:22" EndDate="20240918101232"/>
		<testcase name="03.101.003. Запись элемента документа &quot;Реализация товаров и услуг (не СброшеноНаСклад)&quot; (РеализацияТоваровУслуг)" classname="03_Продажи.03.101. Запись документов под Менеджер по продажам" time="33.882" StartDate="20240918101232" timestamp="2024-09-18T10:12:32" EndDate="20240918101306">
			<failure>
				<expected/>
				<actual/>Не получилось сделать выбрать из списка выбора &lt;Автор&gt; по строке &lt;Аистова Оксана&gt;. Количество попыток &lt;3&gt;.

{ВнешняяОбработка.VanessaAutomationsingle.Форма.Тест_РаботаСИнтерфейсом.Форма(8646)}:

Технические данные:
        ЗаголовокАктивногоОкна: Реализация товаров и услуг СЮЕ00013120 от 31.08.2023 9:38:34:  Проведён
        ИмяАктивнойФормы: Документ.РеализацияТоваровУслуг.Форма.ФормаДокумента
        ИмяФичи: 03.101. Запись документов под Менеджер по продажам
        ИмяСценария: 03.101.003. Запись элемента документа "Реализация товаров и услуг (не СброшеноНаСклад)" (РеализацияТоваровУслуг)
        НомерСтрокиДерева: 1 137
        НомерСтрокиФичи: 341
        ПолныйПутьКФиче: C:\jenkins\workspace\VA_TestScenarios\features\03_Продажи\101_Документы_Запись_МенеджерПоПродажам.feature
        ИмяФайла: ВнешняяОбработка.VanessaAutomationsingle.Форма.Тест_РаботаСИнтерфейсом
        ИмяПроцедуры: ИзВыпадающегоСпискаСИменемЯВыбираюПоСтроке
        ИмяРаннера: nn-qa-01
        ИмяКлиентаТестирования: Менеджер по продажам
        СинонимКлиентаТестирования: 
        ТипКлиентаТестирования: Тонкий
        СтрокаСоединения: Srvr="nn-1cdev-01:3541";Ref="ka_bulychev";
        ДопПараметрыПодключения: /N"Аистова_Оксана" 
        PIDКлиентаТестирования: 1820
        ВерсияVA: ver 1.2.041.1
        ВерсияПлатформы: 8.3.22.2283
        ТипПлатформы: Windows x86-64
        РежимСовместимостиTestManager: Версия8_3_17
        ВремяРаботыСценария: 0:00:33 (ч:м:с)
        ДатаВремяОшибки: 18.09.2024 10:13:05
</failure>
		</testcase>
		<testcase name="03.101.004. Запись элемента документа &quot;Реализация товаров и услуг (СброшеноНаСклад)&quot; (РеализацияТоваровУслуг)" classname="03_Продажи.03.101. Запись документов под Менеджер по продажам" time="50.14" StartDate="20240918101308" timestamp="2024-09-18T10:13:08" EndDate="20240918101358"/>
		<testcase name="03.101.005. Запись элемента документа &quot;Создание запаса&quot; (toledo_СозданиеЗапасаПоНовомуТовару)" classname="03_Продажи.03.101. Запись документов под Менеджер по продажам" time="13.349" StartDate="20240918101358" timestamp="2024-09-18T10:13:58" EndDate="20240918101411"/>
		<testcase name="03.101.006. Запись элемента документа &quot;Резервирование товаров&quot; (LAD_РезервированиеТоваров)" classname="03_Продажи.03.101. Запись документов под Менеджер по продажам" time="92.128" StartDate="20240918101412" timestamp="2024-09-18T10:14:12" EndDate="20240918101544"/>
	</testsuite>
	<testsuite name="03.102. Проверка процедуры toledo_ЭДОСервер.УстановитьПризнакЭДОдляРТУ() для Менеджера по продажам со статусом LAD_ПервоеПроведение" errors="0" skipped="0" tests="3" failures="0" time="196.322">
		<testcase name="03.102.001. Запись элемента документа &quot;Реализация товаров и услуг с признаком LAD_ПервоеПроведение&quot; (РеализацияТоваровУслуг)" classname="03_Продажи.03.102. Проверка процедуры toledo_ЭДОСервер.УстановитьПризнакЭДОдляРТУ() для Менеджера по продажам со статусом LAD_ПервоеПроведение" time="113.09" StartDate="20240918101544" timestamp="2024-09-18T10:15:44" EndDate="20240918101737"/>
		<testcase name="03.102.002. Команда &quot;Сбросить на склад&quot; документа &quot;Реализация товаров и услуг&quot; - Доставка Неполные права (РеализацияТоваровУслуг)" classname="03_Продажи.03.102. Проверка процедуры toledo_ЭДОСервер.УстановитьПризнакЭДОдляРТУ() для Менеджера по продажам со статусом LAD_ПервоеПроведение" time="15.974" StartDate="20240918101737" timestamp="2024-09-18T10:17:37" EndDate="20240918101753"/>
		<testcase name="03.102.003. Команда &quot;Сбросить на склад&quot; документа &quot;Реализация товаров и услуг&quot; - Самовывоз, Клиент здесь Неполные права (РеализацияТоваровУслуг)" classname="03_Продажи.03.102. Проверка процедуры toledo_ЭДОСервер.УстановитьПризнакЭДОдляРТУ() для Менеджера по продажам со статусом LAD_ПервоеПроведение" time="67.258" StartDate="20240918101753" timestamp="2024-09-18T10:17:53" EndDate="20240918101901"/>
	</testsuite>
	<testsuite name="03.103. Проверка печати документов под Менеджер по продажам" errors="0" skipped="0" tests="2" failures="0" time="941.476">
		<testcase name="03.103.001. Печать элемента документа &quot;Заказ клиента&quot; (ЗаказКлиента)" classname="03_Продажи.03.103. Проверка печати документов под Менеджер по продажам" time="863.495" StartDate="20240918101901" timestamp="2024-09-18T10:19:01" EndDate="20240918103324"/>
		<testcase name="03.103.002. Сохранение печатной формы в pdf (внешней и внутренней) документа &quot;Заказ клиента&quot; (ЗаказКлиента)" classname="03_Продажи.03.103. Проверка печати документов под Менеджер по продажам" time="77.981" StartDate="20240918103325" timestamp="2024-09-18T10:33:25" EndDate="20240918103443"/>
	</testsuite>
	<testsuite name="03.104. Создание документов под Менеджер по продажам" errors="0" skipped="0" tests="2" failures="1" time="39.714">
		<testcase name="03.104.002. Создание и запись документа &quot;Заявка на регистрацию проекта&quot; (toledo_ЗаявкаНаРегистрациюПроекта)" classname="03_Продажи.03.104. Создание документов под Менеджер по продажам" time="17.728" StartDate="20240918103443" timestamp="2024-09-18T10:34:43" EndDate="20240918103501"/>
		<testcase name="03.104.003. Запись элемента документа &quot;Заявка на командировку&quot; (новый, с проверкой в ЗУП больничных, отпускных, декрет) (toledo_ЗаявкаНаКомандировку)" classname="03_Продажи.03.104. Создание документов под Менеджер по продажам" time="21.986" StartDate="20240918103501" timestamp="2024-09-18T10:35:01" EndDate="20240918103523">
			<error>Не удалось провести и закрыть элемент документа toledo_ЗаявкаНаКомандировку

{ВнешняяОбработка.VanessaAutomationsingle.Форма.Тест_Условие.Форма(263)}:

Технические данные:
        ЗаголовокАктивногоОкна: 1С:Предприятие
        ИмяАктивнойФормы: MessageBox
        ИмяФичи: 03.104. Создание документов под Менеджер по продажам
        ИмяСценария: 03.104.003. Запись элемента документа "Заявка на командировку" (новый, с проверкой в ЗУП больничных, отпускных, декрет) (toledo_ЗаявкаНаКомандировку)
        НомерСтрокиДерева: 2 400
        НомерСтрокиФичи: 204
        ПолныйПутьКФиче: C:\jenkins\workspace\VA_TestScenarios\features\03_Продажи\104_Документы_Создание_МенеджерПоПродажам.feature
        ИмяФайла: ВнешняяОбработка.VanessaAutomationsingle.Форма.Тест_Условие
        ИмяПроцедуры: ЯВызываюИсключение
        ИмяРаннера: nn-qa-01
        ИмяКлиентаТестирования: Менеджер по продажам
        СинонимКлиентаТестирования: 
        ТипКлиентаТестирования: Тонкий
        СтрокаСоединения: Srvr="nn-1cdev-01:3541";Ref="ka_bulychev";
        ДопПараметрыПодключения: /N"Аистова_Оксана" 
        PIDКлиентаТестирования: 1820
        ВерсияVA: ver 1.2.041.1
        ВерсияПлатформы: 8.3.22.2283
        ТипПлатформы: Windows x86-64
        РежимСовместимостиTestManager: Версия8_3_17
        ВремяРаботыСценария: 0:00:21 (ч:м:с)
        ДатаВремяОшибки: 18.09.2024 10:35:22
Текст модального окна:
    Не удалось провести: "Заявка на командировку"!
</error>
		</testcase>
	</testsuite>
	<testsuite name="04.000. Подготовка. Тесты по подсистеме Закупки" errors="0" skipped="0" tests="1" failures="0" time="8.966">
		<testcase name="04.000.00. Инициализация." classname="04_Закупки.04.000. Подготовка. Тесты по подсистеме Закупки" time="8.966" StartDate="20240918103529" timestamp="2024-09-18T10:35:29" EndDate="20240918103538"/>
	</testsuite>
	<testsuite name="04.001. Проверка создания документа Заказ поставщику с разными параметрами" errors="0" skipped="0" tests="1" failures="0" time="22.481">
		<testcase name="04.001.01. Создание Заказ поставщику &quot;ДКС АО&quot; (ПриобретениеТоваровУслуг)" classname="04_Закупки.04.001. Проверка создания документа Заказ поставщику с разными параметрами" time="22.481" StartDate="20240918103538" timestamp="2024-09-18T10:35:38" EndDate="20240918103600"/>
	</testsuite>
	<testsuite name="04.002. Проверка создания документа Приобретение товаров и услуг с разными параметрами" errors="0" skipped="0" tests="1" failures="0" time="16.885">
		<testcase name="04.002.01. Создание Приобретение товаров и услуг на основании заказ поставщику &quot;ДКС АО&quot; (ПриобретениеТоваровУслуг)" classname="04_Закупки.04.002. Проверка создания документа Приобретение товаров и услуг с разными параметрами" time="16.885" StartDate="20240918103601" timestamp="2024-09-18T10:36:01" EndDate="20240918103617"/>
	</testsuite>
	<testsuite name="04.003. Проверка создания документа Возврата товаров поставщику" errors="0" skipped="0" tests="1" failures="0" time="8.15">
		<testcase name="04.003.01. Создание Возврата товаров поставщику на основании приобретения товаров и услуг" classname="04_Закупки.04.003. Проверка создания документа Возврата товаров поставщику" time="8.15" StartDate="20240918103618" timestamp="2024-09-18T10:36:18" EndDate="20240918103626"/>
	</testsuite>
	<testsuite name="04.101. Запись документов под Менеджер по закупкам" errors="0" skipped="0" tests="9" failures="0" time="491.139">
		<testcase name="04.101.001. Запись элемента документа &quot;Заказ клиента&quot; Группа доступности складов НЕ СПб (ЗаказКлиента)" classname="04_Закупки.04.101. Запись документов под Менеджер по закупкам" time="47.9" StartDate="20240918103626" timestamp="2024-09-18T10:36:26" EndDate="20240918103714"/>
		<testcase name="04.101.002. Запись элемента документа &quot;Заказ клиента&quot; Группа доступности складов СПб (ЗаказКлиента)" classname="04_Закупки.04.101. Запись документов под Менеджер по закупкам" time="37.204" StartDate="20240918103714" timestamp="2024-09-18T10:37:14" EndDate="20240918103751"/>
		<testcase name="04.101.003. Запись элемента документа &quot;Реализация товаров и услуг (не СброшеноНаСклад)&quot; (РеализацияТоваровУслуг)" classname="04_Закупки.04.101. Запись документов под Менеджер по закупкам" time="128.235" StartDate="20240918103752" timestamp="2024-09-18T10:37:52" EndDate="20240918104000"/>
		<testcase name="04.101.004. Запись элемента документа &quot;Реализация товаров и услуг (СброшеноНаСклад)&quot; (РеализацияТоваровУслуг)" classname="04_Закупки.04.101. Запись документов под Менеджер по закупкам" time="129.657" StartDate="20240918104000" timestamp="2024-09-18T10:40:00" EndDate="20240918104210"/>
		<testcase name="04.101.005. Запись элемента документа &quot;Ответ на запрос&quot; (toledo_ОтветНаЗапрос)" classname="04_Закупки.04.101. Запись документов под Менеджер по закупкам" time="22.226" StartDate="20240918104210" timestamp="2024-09-18T10:42:10" EndDate="20240918104232"/>
		<testcase name="04.101.006. Запись элемента документа &quot;Корректировка внутреннего заказа&quot; Склад НЕ СПб (toledo_КорректировкаВнутреннегоЗаказа)" classname="04_Закупки.04.101. Запись документов под Менеджер по закупкам" time="14.233" StartDate="20240918104232" timestamp="2024-09-18T10:42:32" EndDate="20240918104246"/>
		<testcase name="04.101.007. Запись элемента документа &quot;Корректировка внутреннего заказа&quot; Склад СПб (toledo_КорректировкаВнутреннегоЗаказа)" classname="04_Закупки.04.101. Запись документов под Менеджер по закупкам" time="25.482" StartDate="20240918104247" timestamp="2024-09-18T10:42:47" EndDate="20240918104312"/>
		<testcase name="04.101.008. Запись элемента документа &quot;Приобретение товаров и услуг&quot; (ПриобретениеТоваровУслуг)" classname="04_Закупки.04.101. Запись документов под Менеджер по закупкам" time="28.385" StartDate="20240918104312" timestamp="2024-09-18T10:43:12" EndDate="20240918104341"/>
		<testcase name="04.101.009. Запись элемента документа &quot;Заказ поставщику&quot; (ЗаказПоставщику)" classname="04_Закупки.04.101. Запись документов под Менеджер по закупкам" time="57.817" StartDate="20240918104341" timestamp="2024-09-18T10:43:41" EndDate="20240918104439"/>
	</testsuite>
	<testsuite name="04.102. Запись справочников под Начальник отдела закупок" errors="0" skipped="0" tests="2" failures="0" time="34.395">
		<testcase name="04.102.001. Запись элемента справочника &quot;Настройки расчета показателей номенклатуры&quot; (toledo_НастройкиРасчетаПоказателейНоменклатуры)" classname="04_Закупки.04.102. Запись справочников под Начальник отдела закупок" time="18.407" StartDate="20240918104439" timestamp="2024-09-18T10:44:39" EndDate="20240918104457"/>
		<testcase name="04.102.002. Создание элемента справочника &quot;Настройки расчета показателей номенклатуры&quot; (toledo_НастройкиРасчетаПоказателейНоменклатуры)" classname="04_Закупки.04.102. Запись справочников под Начальник отдела закупок" time="15.988" StartDate="20240918104457" timestamp="2024-09-18T10:44:57" EndDate="20240918104513"/>
	</testsuite>
	<testsuite name="04.103. Проверка команды подбора товаров под Менеджер по закупкам" errors="0" skipped="0" tests="2" failures="0" time="462.572">
		<testcase name="04.103.001. Команда Подбор товаров в документе &quot;Заказ поставщику&quot; (ЗаказПоставщику)" classname="04_Закупки.04.103. Проверка команды подбора товаров под Менеджер по закупкам" time="116.88" StartDate="20240918104514" timestamp="2024-09-18T10:45:14" EndDate="20240918104710"/>
		<testcase name="04.103.002. Команда Подбор товаров в документе &quot;Заказ клиента&quot; (ЗаказКлиента)" classname="04_Закупки.04.103. Проверка команды подбора товаров под Менеджер по закупкам" time="345.692" StartDate="20240918104711" timestamp="2024-09-18T10:47:11" EndDate="20240918105256"/>
	</testsuite>
	<testsuite name="05.000. Тесты по подсистеме Склад и доставка. Подготовка" errors="0" skipped="0" tests="1" failures="0" time="8.339">
		<testcase name="05.000.00. Инициализация." classname="05_СкладИДоставка.05.000. Тесты по подсистеме Склад и доставка. Подготовка" time="8.339" StartDate="20240918105256" timestamp="2024-09-18T10:52:56" EndDate="20240918105305"/>
	</testsuite>
	<testsuite name="05.001. Заявка на разгрузку / погрузку" errors="0" skipped="0" tests="1" failures="0" time="14.454">
		<testcase name="05.001.01. Создание заявки на разгрузку на основании ПТУ" classname="05_СкладИДоставка.05.001. Заявка на разгрузку / погрузку" time="14.454" StartDate="20240918105305" timestamp="2024-09-18T10:53:05" EndDate="20240918105319"/>
	</testsuite>
	<testsuite name="05.101. Запись документов под Склад" errors="0" skipped="0" tests="1" failures="0" time="520.24">
		<testcase name="05.101.001. Запись элемента документа &quot;Заявка на доставку&quot; (toledo_ЗаявкаНаДоставку)" classname="05_СкладИДоставка.05.101. Запись документов под Склад" time="520.24" StartDate="20240918105320" timestamp="2024-09-18T10:53:20" EndDate="20240918110200"/>
	</testsuite>
	<testsuite name="06.000. Тесты по подсистеме Кадры. Подготовка" errors="0" skipped="0" tests="1" failures="0" time="8.744">
		<testcase name="06.000.00. Инициализация." classname="06_Кадры.06.000. Тесты по подсистеме Кадры. Подготовка" time="8.744" StartDate="20240918110200" timestamp="2024-09-18T11:02:00" EndDate="20240918110209"/>
	</testsuite>
	<testsuite name="07.000. Тесты по подсистеме Зарплата. Подготовка" errors="0" skipped="0" tests="1" failures="0" time="8.748">
		<testcase name="07.000.00. Инициализация." classname="07_Зарплата.07.000. Тесты по подсистеме Зарплата. Подготовка" time="8.748" StartDate="20240918110209" timestamp="2024-09-18T11:02:09" EndDate="20240918110218"/>
	</testsuite>
	<testsuite name="08.000. Тесты по подсистеме Казначейство. Подготовка" errors="0" skipped="0" tests="3" failures="0" time="62.919">
		<testcase name="08.000.00. Инициализация." classname="08_Казначейство.08.000. Тесты по подсистеме Казначейство. Подготовка" time="15.035" StartDate="20240918110218" timestamp="2024-09-18T11:02:18" EndDate="20240918110233"/>
		<testcase name="08.000.01. Создание заявки на расходования ДС для проверки команды &quot;Оплатить&quot; по наличному расчету (ЗаявкаНаРасходованиеДенежныхСредств)" classname="08_Казначейство.08.000. Тесты по подсистеме Казначейство. Подготовка" time="25.543" StartDate="20240918110233" timestamp="2024-09-18T11:02:33" EndDate="20240918110259"/>
		<testcase name="08.000.02. Создание заявки на расходования ДС для проверки команды &quot;Оплатить&quot; по безналичному расчету (ЗаявкаНаРасходованиеДенежныхСредств)" classname="08_Казначейство.08.000. Тесты по подсистеме Казначейство. Подготовка" time="22.341" StartDate="20240918110259" timestamp="2024-09-18T11:02:59" EndDate="20240918110321"/>
	</testsuite>
	<testsuite name="08.001. Проверка функциональности заявки на расходование денежных средств" errors="0" skipped="0" tests="5" failures="0" time="123.652">
		<testcase name="08.001.01. Создание РКО по команде &quot;Оплатить&quot; из заявки на расходование денежных средств (РасходныйКассовыйОрдер)" classname="08_Казначейство.08.001. Проверка функциональности заявки на расходование денежных средств" time="19.508" StartDate="20240918110321" timestamp="2024-09-18T11:03:21" EndDate="20240918110341"/>
		<testcase name="08.001.02. Проверка поручений пользователю при создании РКО по команде &quot;Оплатить&quot; из заявки на РДС" classname="08_Казначейство.08.001. Проверка функциональности заявки на расходование денежных средств" time="25.839" StartDate="20240918110341" timestamp="2024-09-18T11:03:41" EndDate="20240918110407"/>
		<testcase name="08.001.03. Создание СБдс по команде &quot;Оплатить&quot; из заявки на расходование денежных средств (СписаниеБезналичныхДенежныхСредств)" classname="08_Казначейство.08.001. Проверка функциональности заявки на расходование денежных средств" time="30.695" StartDate="20240918110407" timestamp="2024-09-18T11:04:07" EndDate="20240918110438"/>
		<testcase name="08.001.04. Создание заявки на расходования ДС по наличному расчету (ЗаявкаНаРасходованиеДенежныхСредств)" classname="08_Казначейство.08.001. Проверка функциональности заявки на расходование денежных средств" time="23.533" StartDate="20240918110438" timestamp="2024-09-18T11:04:38" EndDate="20240918110502"/>
		<testcase name="08.001.05. Создание заявки на расходования ДС по безналичному расчету (ЗаявкаНаРасходованиеДенежныхСредств)" classname="08_Казначейство.08.001. Проверка функциональности заявки на расходование денежных средств" time="24.077" StartDate="20240918110502" timestamp="2024-09-18T11:05:02" EndDate="20240918110526"/>
	</testsuite>
	<testsuite name="08.101. Запись документов и справочников под Кассир" errors="0" skipped="0" tests="6" failures="0" time="120.188">
		<testcase name="08.101.001. Запись элемента справочника &quot;Договоры подключения к платежным системам&quot; (ДоговорыЭквайринга)" classname="08_Казначейство.08.101. Запись документов и справочников под Кассир" time="17.876" StartDate="20240918110526" timestamp="2024-09-18T11:05:26" EndDate="20240918110544"/>
		<testcase name="08.101.002. Запись элемента группы справочника &quot;Эквайринговые терминалы&quot; (ЭквайринговыеТерминалы)" classname="08_Казначейство.08.101. Запись документов и справочников под Кассир" time="9.237" StartDate="20240918110544" timestamp="2024-09-18T11:05:44" EndDate="20240918110553"/>
		<testcase name="08.101.003. Запись элемента справочника &quot;Эквайринговые терминалы&quot; (ЭквайринговыеТерминалы)" classname="08_Казначейство.08.101. Запись документов и справочников под Кассир" time="11.196" StartDate="20240918110553" timestamp="2024-09-18T11:05:53" EndDate="20240918110605"/>
		<testcase name="08.101.004. Запись элемента документа &quot;Операция по платежной карте&quot; (ОперацияПоПлатежнойКарте)" classname="08_Казначейство.08.101. Запись документов и справочников под Кассир" time="29.077" StartDate="20240918110605" timestamp="2024-09-18T11:06:05" EndDate="20240918110634"/>
		<testcase name="08.101.005. Запись элемента документа &quot;Отчет банка по операциям эквайринга&quot; (ОтчетБанкаПоОперациямЭквайринга)" classname="08_Казначейство.08.101. Запись документов и справочников под Кассир" time="12.637" StartDate="20240918110634" timestamp="2024-09-18T11:06:34" EndDate="20240918110647"/>
		<testcase name="08.101.006. Запись элемента документа &quot;Отчет банка по операциям эквайринга&quot; (ОтчетБанкаПоОперациямЭквайринга)" classname="08_Казначейство.08.101. Запись документов и справочников под Кассир" time="40.165" StartDate="20240918110647" timestamp="2024-09-18T11:06:47" EndDate="20240918110727"/>
	</testsuite>
	<testsuite name="09.000. Тесты по подсистеме Финансовый результат и контроллинг. Подготовка" errors="0" skipped="0" tests="1" failures="0" time="8.554">
		<testcase name="09.000.00. Инициализация." classname="09_Финансовый результат и контроллинг.09.000. Тесты по подсистеме Финансовый результат и контроллинг. Подготовка" time="8.554" StartDate="20240918110727" timestamp="2024-09-18T11:07:27" EndDate="20240918110736"/>
	</testsuite>
	<testsuite name="100.000. Тесты для проверки отчетов. Подготовка" errors="0" skipped="0" tests="1" failures="0" time="8.752">
		<testcase name="100.000.00. Инициализация." classname="100_Отчеты.100.000. Тесты для проверки отчетов. Подготовка" time="8.752" StartDate="20240918110736" timestamp="2024-09-18T11:07:36" EndDate="20240918110745"/>
	</testsuite>
	<testsuite name="100.001. Проверка формирования отчетов" errors="0" skipped="0" tests="12" failures="0" time="363.107">
		<testcase name="100.001.01. Рейтинг отдела продаж: общий (внешний)" classname="100_Отчеты.100.001. Проверка формирования отчетов" time="31.944" StartDate="20240918110745" timestamp="2024-09-18T11:07:45" EndDate="20240918110817"/>
		<testcase name="100.001.02. Рейтинг отдела продаж: топ 10 (внешний)" classname="100_Отчеты.100.001. Проверка формирования отчетов" time="29.267" StartDate="20240918110817" timestamp="2024-09-18T11:08:17" EndDate="20240918110846"/>
		<testcase name="100.001.03. Рейтинг руководителей филиалов отдела продаж (внешний)" classname="100_Отчеты.100.001. Проверка формирования отчетов" time="28.255" StartDate="20240918110847" timestamp="2024-09-18T11:08:47" EndDate="20240918110915"/>
		<testcase name="100.001.04. Рейтинг руководителей подразделений отдела продаж	(внешний)" classname="100_Отчеты.100.001. Проверка формирования отчетов" time="29.266" StartDate="20240918110915" timestamp="2024-09-18T11:09:15" EndDate="20240918110944"/>
		<testcase name="100.001.05. Лимиты по запросам (toledo_ЛимитыПоЗапросам)" classname="100_Отчеты.100.001. Проверка формирования отчетов" time="20.972" StartDate="20240918110945" timestamp="2024-09-18T11:09:45" EndDate="20240918111005"/>
		<testcase name="100.001.06. Контроль командировочных расходов (toledo_КонтрольКомандировочныхРасходов)" classname="100_Отчеты.100.001. Проверка формирования отчетов" time="19.963" StartDate="20240918111006" timestamp="2024-09-18T11:10:06" EndDate="20240918111026"/>
		<testcase name="100.001.07. Воронка продаж по выручке" classname="100_Отчеты.100.001. Проверка формирования отчетов" time="23.805" StartDate="20240918111026" timestamp="2024-09-18T11:10:26" EndDate="20240918111050"/>
		<testcase name="100.001.08. Воронка продаж по валовой прибыли" classname="100_Отчеты.100.001. Проверка формирования отчетов" time="23.784" StartDate="20240918111050" timestamp="2024-09-18T11:10:50" EndDate="20240918111114"/>
		<testcase name="100.001.09. Воронка продаж по количеству наименований" classname="100_Отчеты.100.001. Проверка формирования отчетов" time="22.135" StartDate="20240918111114" timestamp="2024-09-18T11:11:14" EndDate="20240918111136"/>
		<testcase name="100.001.10. Воронка продаж по обращениям клиента" classname="100_Отчеты.100.001. Проверка формирования отчетов" time="12.254" StartDate="20240918111136" timestamp="2024-09-18T11:11:36" EndDate="20240918111148"/>
		<testcase name="100.001.11. Монитор отдела закупок" classname="100_Отчеты.100.001. Проверка формирования отчетов" time="97.537" StartDate="20240918111149" timestamp="2024-09-18T11:11:49" EndDate="20240918111326"/>
		<testcase name="100.001.999. Завершение" classname="100_Отчеты.100.001. Проверка формирования отчетов" time="23.925" StartDate="20240918111326" timestamp="2024-09-18T11:13:26" EndDate="20240918111350"/>
	</testsuite>
</testsuites>